d:\hoc_tap\c++\btcuoikyapplication\btcuoikyapplication\x64\release\vc143.pdb
d:\hoc_tap\c++\btcuoikyapplication\btcuoikyapplication\x64\release\personaluser.obj
d:\hoc_tap\c++\btcuoikyapplication\btcuoikyapplication\x64\release\database.obj
d:\hoc_tap\c++\btcuoikyapplication\btcuoikyapplication\x64\release\accountservice.obj
d:\hoc_tap\c++\btcuoikyapplication\btcuoikyapplication\x64\release\accountrepo.obj
d:\hoc_tap\c++\btcuoikyapplication\btcuoikyapplication\x64\release\accountentity.obj
d:\hoc_tap\c++\btcuoikyapplication\btcuoikyapplication\x64\release\btcuoikyapplication.obj
d:\hoc_tap\c++\btcuoikyapplication\x64\release\btcuoikyapplication.exe
d:\hoc_tap\c++\btcuoikyapplication\x64\release\btcuoikyapplication.pdb
d:\hoc_tap\c++\btcuoikyapplication\x64\release\btcuoikyapplication.lib
d:\hoc_tap\c++\btcuoikyapplication\x64\release\btcuoikyapplication.exp
d:\hoc_tap\c++\btcuoikyapplication\btcuoikyapplication\x64\release\btcuoikyapplication.ipdb
d:\hoc_tap\c++\btcuoikyapplication\btcuoikyapplication\x64\release\btcuoikyapplication.iobj
d:\hoc_tap\c++\btcuoikyapplication\btcuoikyapplication\x64\release\btcuoiky.b9fd1820.tlog\cl.command.1.tlog
d:\hoc_tap\c++\btcuoikyapplication\btcuoikyapplication\x64\release\btcuoiky.b9fd1820.tlog\cl.items.tlog
d:\hoc_tap\c++\btcuoikyapplication\btcuoikyapplication\x64\release\btcuoiky.b9fd1820.tlog\cl.read.1.tlog
d:\hoc_tap\c++\btcuoikyapplication\btcuoikyapplication\x64\release\btcuoiky.b9fd1820.tlog\cl.write.1.tlog
d:\hoc_tap\c++\btcuoikyapplication\btcuoikyapplication\x64\release\btcuoiky.b9fd1820.tlog\link.command.1.tlog
d:\hoc_tap\c++\btcuoikyapplication\btcuoikyapplication\x64\release\btcuoiky.b9fd1820.tlog\link.read.1.tlog
d:\hoc_tap\c++\btcuoikyapplication\btcuoikyapplication\x64\release\btcuoiky.b9fd1820.tlog\link.secondary.1.tlog
d:\hoc_tap\c++\btcuoikyapplication\btcuoikyapplication\x64\release\btcuoiky.b9fd1820.tlog\link.write.1.tlog
