  AccountService.cpp
D:\hoc_tap\c++\BTcuoikyApplication\BTcuoikyApplication\AccountEntity.cpp(58,17): warning C4244: 'argument': conversion from 'const time_t' to 'const _Elem', possible loss of data
D:\hoc_tap\c++\BTcuoikyApplication\BTcuoikyApplication\AccountEntity.cpp(58,17): warning C4244:         with
D:\hoc_tap\c++\BTcuoikyApplication\BTcuoikyApplication\AccountEntity.cpp(58,17): warning C4244:         [
D:\hoc_tap\c++\BTcuoikyApplication\BTcuoikyApplication\AccountEntity.cpp(58,17): warning C4244:             _Elem=char
D:\hoc_tap\c++\BTcuoikyApplication\BTcuoikyApplication\AccountEntity.cpp(58,17): warning C4244:         ]
  (compiling source file 'AccountService.cpp')
  
D:\hoc_tap\c++\BTcuoikyApplication\BTcuoikyApplication\AccountService.cpp(38,13): warning C4244: 'argument': conversion from 'time_t' to 'unsigned int', possible loss of data
D:\hoc_tap\c++\BTcuoikyApplication\BTcuoikyApplication\AccountService.cpp(150,32): warning C4101: 'e': unreferenced local variable
D:\hoc_tap\c++\BTcuoikyApplication\BTcuoikyApplication\AccountService.cpp(315,32): warning C4101: 'e': unreferenced local variable
  BTcuoikyApplication.cpp
D:\hoc_tap\c++\BTcuoikyApplication\BTcuoikyApplication\AccountEntity.cpp(58,17): warning C4244: 'argument': conversion from 'const time_t' to 'const _Elem', possible loss of data
D:\hoc_tap\c++\BTcuoikyApplication\BTcuoikyApplication\AccountEntity.cpp(58,17): warning C4244:         with
D:\hoc_tap\c++\BTcuoikyApplication\BTcuoikyApplication\AccountEntity.cpp(58,17): warning C4244:         [
D:\hoc_tap\c++\BTcuoikyApplication\BTcuoikyApplication\AccountEntity.cpp(58,17): warning C4244:             _Elem=char
D:\hoc_tap\c++\BTcuoikyApplication\BTcuoikyApplication\AccountEntity.cpp(58,17): warning C4244:         ]
  (compiling source file 'BTcuoikyApplication.cpp')
  
D:\hoc_tap\c++\BTcuoikyApplication\BTcuoikyApplication\AccountService.cpp(38,13): warning C4244: 'argument': conversion from 'time_t' to 'unsigned int', possible loss of data
  (compiling source file 'BTcuoikyApplication.cpp')
  
D:\hoc_tap\c++\BTcuoikyApplication\BTcuoikyApplication\AccountService.cpp(150,32): warning C4101: 'e': unreferenced local variable
  (compiling source file 'BTcuoikyApplication.cpp')
  
D:\hoc_tap\c++\BTcuoikyApplication\BTcuoikyApplication\AccountService.cpp(315,32): warning C4101: 'e': unreferenced local variable
  (compiling source file 'BTcuoikyApplication.cpp')
  
     Creating library D:\hoc_tap\c++\BTcuoikyApplication\x64\Release\BTcuoikyApplication.lib and object D:\hoc_tap\c++\BTcuoikyApplication\x64\Release\BTcuoikyApplication.exp
  Generating code
  106 of 587 functions (18.1%) were compiled, the rest were copied from previous compilation.
    87 functions were new in current compilation
    142 functions had inline decision re-evaluated but remain unchanged
  Finished generating code
mysqlcppconn-static.lib(mysql_driver.obj) : warning LNK4099: PDB '' was not found with 'mysqlcppconn-static.lib(mysql_driver.obj)' or at ''; linking object as if no debug info
mysqlcppconn-static.lib(mysql_connection.obj) : warning LNK4099: PDB '' was not found with 'mysqlcppconn-static.lib(mysql_connection.obj)' or at ''; linking object as if no debug info
mysqlcppconn-static.lib(mysql_native_driver_wrapper.obj) : warning LNK4099: PDB '' was not found with 'mysqlcppconn-static.lib(mysql_native_driver_wrapper.obj)' or at ''; linking object as if no debug info
mysqlcppconn-static.lib(mysql_uri.obj) : warning LNK4099: PDB '' was not found with 'mysqlcppconn-static.lib(mysql_uri.obj)' or at ''; linking object as if no debug info
mysqlcppconn-static.lib(mysql_metadata.obj) : warning LNK4099: PDB '' was not found with 'mysqlcppconn-static.lib(mysql_metadata.obj)' or at ''; linking object as if no debug info
mysqlcppconn-static.lib(mysql_warning.obj) : warning LNK4099: PDB '' was not found with 'mysqlcppconn-static.lib(mysql_warning.obj)' or at ''; linking object as if no debug info
mysqlcppconn-static.lib(mysql_prepared_statement.obj) : warning LNK4099: PDB '' was not found with 'mysqlcppconn-static.lib(mysql_prepared_statement.obj)' or at ''; linking object as if no debug info
mysqlcppconn-static.lib(mysql_statement.obj) : warning LNK4099: PDB '' was not found with 'mysqlcppconn-static.lib(mysql_statement.obj)' or at ''; linking object as if no debug info
mysqlcppconn-static.lib(mysql_debug.obj) : warning LNK4099: PDB '' was not found with 'mysqlcppconn-static.lib(mysql_debug.obj)' or at ''; linking object as if no debug info
mysqlcppconn-static.lib(mysql_client_api.obj) : warning LNK4099: PDB '' was not found with 'mysqlcppconn-static.lib(mysql_client_api.obj)' or at ''; linking object as if no debug info
mysqlcppconn-static.lib(mysql_native_connection_wrapper.obj) : warning LNK4099: PDB '' was not found with 'mysqlcppconn-static.lib(mysql_native_connection_wrapper.obj)' or at ''; linking object as if no debug info
mysqlcppconn-static.lib(mysql_util.obj) : warning LNK4099: PDB '' was not found with 'mysqlcppconn-static.lib(mysql_util.obj)' or at ''; linking object as if no debug info
mysqlcppconn-static.lib(mysql_art_resultset.obj) : warning LNK4099: PDB '' was not found with 'mysqlcppconn-static.lib(mysql_art_resultset.obj)' or at ''; linking object as if no debug info
mysqlcppconn-static.lib(mysql_resultbind.obj) : warning LNK4099: PDB '' was not found with 'mysqlcppconn-static.lib(mysql_resultbind.obj)' or at ''; linking object as if no debug info
mysqlcppconn-static.lib(mysql_ps_resultset.obj) : warning LNK4099: PDB '' was not found with 'mysqlcppconn-static.lib(mysql_ps_resultset.obj)' or at ''; linking object as if no debug info
mysqlcppconn-static.lib(mysql_ps_resultset_metadata.obj) : warning LNK4099: PDB '' was not found with 'mysqlcppconn-static.lib(mysql_ps_resultset_metadata.obj)' or at ''; linking object as if no debug info
mysqlcppconn-static.lib(mysql_parameter_metadata.obj) : warning LNK4099: PDB '' was not found with 'mysqlcppconn-static.lib(mysql_parameter_metadata.obj)' or at ''; linking object as if no debug info
mysqlcppconn-static.lib(mysql_resultset.obj) : warning LNK4099: PDB '' was not found with 'mysqlcppconn-static.lib(mysql_resultset.obj)' or at ''; linking object as if no debug info
mysqlcppconn-static.lib(mysql_native_resultset_wrapper.obj) : warning LNK4099: PDB '' was not found with 'mysqlcppconn-static.lib(mysql_native_resultset_wrapper.obj)' or at ''; linking object as if no debug info
mysqlcppconn-static.lib(mysql_native_statement_wrapper.obj) : warning LNK4099: PDB '' was not found with 'mysqlcppconn-static.lib(mysql_native_statement_wrapper.obj)' or at ''; linking object as if no debug info
mysqlcppconn-static.lib(mysql_art_rset_metadata.obj) : warning LNK4099: PDB '' was not found with 'mysqlcppconn-static.lib(mysql_art_rset_metadata.obj)' or at ''; linking object as if no debug info
mysqlcppconn-static.lib(mysql_resultset_metadata.obj) : warning LNK4099: PDB '' was not found with 'mysqlcppconn-static.lib(mysql_resultset_metadata.obj)' or at ''; linking object as if no debug info
  BTcuoikyApplication.vcxproj -> D:\hoc_tap\c++\BTcuoikyApplication\x64\Release\BTcuoikyApplication.exe
